Info: Starting: Create block symbol file (.bsf)
Info: qsys-generate C:\Users\paata\Documents\Nios_II_Projects\nios_led\nios_led.qsys --block-symbol-file --output-directory=C:\Users\paata\Documents\Nios_II_Projects\nios_led\nios_led --family="Cyclone V" --part=5CGXFC5C6F27C7
Progress: Loading nios_led/nios_led.qsys
Progress: Reading input file
Progress: Adding clk_0 [clock_source 17.1]
Progress: Parameterizing module clk_0
Progress: Adding jtag_uart_0 [altera_avalon_jtag_uart 17.1]
Progress: Parameterizing module jtag_uart_0
Progress: Adding nios2_gen2_0 [altera_nios2_gen2 17.1]
Progress: Parameterizing module nios2_gen2_0
Progress: Adding onchip_memory2_0 [altera_avalon_onchip_memory2 17.1]
Progress: Parameterizing module onchip_memory2_0
Progress: Adding pio_0 [altera_avalon_pio 17.1]
Progress: Parameterizing module pio_0
Progress: Adding sysid_qsys_0 [altera_avalon_sysid_qsys 17.1]
Progress: Parameterizing module sysid_qsys_0
Progress: Building connections
Progress: Parameterizing connections
Progress: Validating
Progress: Done reading input file
Info: nios_led.jtag_uart_0: JTAG UART IP input clock need to be at least double (2x) the operating frequency of JTAG TCK on board
Info: nios_led.sysid_qsys_0: System ID is not assigned automatically. Edit the System ID parameter to provide a unique ID
Info: nios_led.sysid_qsys_0: Time stamp will be automatically updated when this component is generated.
Info: qsys-generate succeeded.
Info: Finished: Create block symbol file (.bsf)
Info: 
Info: Starting: Create HDL design files for synthesis
Info: qsys-generate C:\Users\paata\Documents\Nios_II_Projects\nios_led\nios_led.qsys --synthesis=VHDL --output-directory=C:\Users\paata\Documents\Nios_II_Projects\nios_led\nios_led\synthesis --family="Cyclone V" --part=5CGXFC5C6F27C7
Progress: Loading nios_led/nios_led.qsys
Progress: Reading input file
Progress: Adding clk_0 [clock_source 17.1]
Progress: Parameterizing module clk_0
Progress: Adding jtag_uart_0 [altera_avalon_jtag_uart 17.1]
Progress: Parameterizing module jtag_uart_0
Progress: Adding nios2_gen2_0 [altera_nios2_gen2 17.1]
Progress: Parameterizing module nios2_gen2_0
Progress: Adding onchip_memory2_0 [altera_avalon_onchip_memory2 17.1]
Progress: Parameterizing module onchip_memory2_0
Progress: Adding pio_0 [altera_avalon_pio 17.1]
Progress: Parameterizing module pio_0
Progress: Adding sysid_qsys_0 [altera_avalon_sysid_qsys 17.1]
Progress: Parameterizing module sysid_qsys_0
Progress: Building connections
Progress: Parameterizing connections
Progress: Validating
Progress: Done reading input file
Info: nios_led.jtag_uart_0: JTAG UART IP input clock need to be at least double (2x) the operating frequency of JTAG TCK on board
Info: nios_led.sysid_qsys_0: System ID is not assigned automatically. Edit the System ID parameter to provide a unique ID
Info: nios_led.sysid_qsys_0: Time stamp will be automatically updated when this component is generated.
Info: nios_led: Generating nios_led "nios_led" for QUARTUS_SYNTH
Info: jtag_uart_0: Starting RTL generation for module 'nios_led_jtag_uart_0'
Info: jtag_uart_0:   Generation command is [exec D:/intelfpga_lite/17.1/quartus/bin64/perl/bin/perl.exe -I D:/intelfpga_lite/17.1/quartus/bin64/perl/lib -I D:/intelfpga_lite/17.1/quartus/sopc_builder/bin/europa -I D:/intelfpga_lite/17.1/quartus/sopc_builder/bin/perl_lib -I D:/intelfpga_lite/17.1/quartus/sopc_builder/bin -I D:/intelfpga_lite/17.1/quartus/../ip/altera/sopc_builder_ip/common -I D:/intelfpga_lite/17.1/quartus/../ip/altera/sopc_builder_ip/altera_avalon_jtag_uart -- D:/intelfpga_lite/17.1/quartus/../ip/altera/sopc_builder_ip/altera_avalon_jtag_uart/generate_rtl.pl --name=nios_led_jtag_uart_0 --dir=C:/Users/paata/AppData/Local/Temp/alt7597_2159635125411557993.dir/0002_jtag_uart_0_gen/ --quartus_dir=D:/intelfpga_lite/17.1/quartus --verilog --config=C:/Users/paata/AppData/Local/Temp/alt7597_2159635125411557993.dir/0002_jtag_uart_0_gen//nios_led_jtag_uart_0_component_configuration.pl  --do_build_sim=0  ]
Info: jtag_uart_0: Done RTL generation for module 'nios_led_jtag_uart_0'
Info: jtag_uart_0: "nios_led" instantiated altera_avalon_jtag_uart "jtag_uart_0"
Info: nios2_gen2_0: "nios_led" instantiated altera_nios2_gen2 "nios2_gen2_0"
Info: onchip_memory2_0: Starting RTL generation for module 'nios_led_onchip_memory2_0'
Info: onchip_memory2_0:   Generation command is [exec D:/intelfpga_lite/17.1/quartus/bin64/perl/bin/perl.exe -I D:/intelfpga_lite/17.1/quartus/bin64/perl/lib -I D:/intelfpga_lite/17.1/quartus/sopc_builder/bin/europa -I D:/intelfpga_lite/17.1/quartus/sopc_builder/bin/perl_lib -I D:/intelfpga_lite/17.1/quartus/sopc_builder/bin -I D:/intelfpga_lite/17.1/quartus/../ip/altera/sopc_builder_ip/common -I D:/intelfpga_lite/17.1/quartus/../ip/altera/sopc_builder_ip/altera_avalon_onchip_memory2 -- D:/intelfpga_lite/17.1/quartus/../ip/altera/sopc_builder_ip/altera_avalon_onchip_memory2/generate_rtl.pl --name=nios_led_onchip_memory2_0 --dir=C:/Users/paata/AppData/Local/Temp/alt7597_2159635125411557993.dir/0003_onchip_memory2_0_gen/ --quartus_dir=D:/intelfpga_lite/17.1/quartus --verilog --config=C:/Users/paata/AppData/Local/Temp/alt7597_2159635125411557993.dir/0003_onchip_memory2_0_gen//nios_led_onchip_memory2_0_component_configuration.pl  --do_build_sim=0  ]
Info: onchip_memory2_0: Done RTL generation for module 'nios_led_onchip_memory2_0'
Info: onchip_memory2_0: "nios_led" instantiated altera_avalon_onchip_memory2 "onchip_memory2_0"
Info: pio_0: Starting RTL generation for module 'nios_led_pio_0'
Info: pio_0:   Generation command is [exec D:/intelfpga_lite/17.1/quartus/bin64/perl/bin/perl.exe -I D:/intelfpga_lite/17.1/quartus/bin64/perl/lib -I D:/intelfpga_lite/17.1/quartus/sopc_builder/bin/europa -I D:/intelfpga_lite/17.1/quartus/sopc_builder/bin/perl_lib -I D:/intelfpga_lite/17.1/quartus/sopc_builder/bin -I D:/intelfpga_lite/17.1/quartus/../ip/altera/sopc_builder_ip/common -I D:/intelfpga_lite/17.1/quartus/../ip/altera/sopc_builder_ip/altera_avalon_pio -- D:/intelfpga_lite/17.1/quartus/../ip/altera/sopc_builder_ip/altera_avalon_pio/generate_rtl.pl --name=nios_led_pio_0 --dir=C:/Users/paata/AppData/Local/Temp/alt7597_2159635125411557993.dir/0004_pio_0_gen/ --quartus_dir=D:/intelfpga_lite/17.1/quartus --verilog --config=C:/Users/paata/AppData/Local/Temp/alt7597_2159635125411557993.dir/0004_pio_0_gen//nios_led_pio_0_component_configuration.pl  --do_build_sim=0  ]
Info: pio_0: Done RTL generation for module 'nios_led_pio_0'
Info: pio_0: "nios_led" instantiated altera_avalon_pio "pio_0"
Info: sysid_qsys_0: "nios_led" instantiated altera_avalon_sysid_qsys "sysid_qsys_0"
Info: avalon_st_adapter: Inserting error_adapter: error_adapter_0
Info: avalon_st_adapter_001: Inserting error_adapter: error_adapter_0
Info: avalon_st_adapter_002: Inserting error_adapter: error_adapter_0
Info: avalon_st_adapter_003: Inserting error_adapter: error_adapter_0
Info: avalon_st_adapter_004: Inserting error_adapter: error_adapter_0
Info: mm_interconnect_0: "nios_led" instantiated altera_mm_interconnect "mm_interconnect_0"
Info: irq_mapper: "nios_led" instantiated altera_irq_mapper "irq_mapper"
Info: rst_controller: "nios_led" instantiated altera_reset_controller "rst_controller"
Info: cpu: Starting RTL generation for module 'nios_led_nios2_gen2_0_cpu'
Info: cpu:   Generation command is [exec D:/intelFPGA_lite/17.1/quartus/bin64//eperlcmd.exe -I D:/intelFPGA_lite/17.1/quartus/bin64//perl/lib -I D:/intelfpga_lite/17.1/quartus/sopc_builder/bin/europa -I D:/intelfpga_lite/17.1/quartus/sopc_builder/bin/perl_lib -I D:/intelfpga_lite/17.1/quartus/sopc_builder/bin -I D:/intelfpga_lite/17.1/quartus/../ip/altera/nios2_ip/altera_nios2_gen2/cpu_lib -I D:/intelfpga_lite/17.1/quartus/../ip/altera/nios2_ip/altera_nios2_gen2/nios_lib -I D:/intelfpga_lite/17.1/quartus/../ip/altera/nios2_ip/altera_nios2_gen2 -I D:/intelfpga_lite/17.1/quartus/../ip/altera/nios2_ip/altera_nios2_gen2 -- D:/intelfpga_lite/17.1/quartus/../ip/altera/nios2_ip/altera_nios2_gen2/generate_rtl.epl --name=nios_led_nios2_gen2_0_cpu --dir=C:/Users/paata/AppData/Local/Temp/alt7597_2159635125411557993.dir/0008_cpu_gen/ --quartus_bindir=D:/intelFPGA_lite/17.1/quartus/bin64/ --verilog --config=C:/Users/paata/AppData/Local/Temp/alt7597_2159635125411557993.dir/0008_cpu_gen//nios_led_nios2_gen2_0_cpu_processor_configuration.pl  --do_build_sim=0  ]
Info: cpu: # 2018.03.08 00:24:24 (*) Starting Nios II generation
Info: cpu: # 2018.03.08 00:24:24 (*)   Checking for plaintext license.
Info: cpu: # 2018.03.08 00:24:25 (*)   Couldn't query license setup in Quartus directory D:/intelFPGA_lite/17.1/quartus/bin64/
Info: cpu: # 2018.03.08 00:24:25 (*)   Defaulting to contents of LM_LICENSE_FILE environment variable
Info: cpu: # 2018.03.08 00:24:25 (*)   LM_LICENSE_FILE environment variable is empty
Info: cpu: # 2018.03.08 00:24:25 (*)   Plaintext license not found.
Info: cpu: # 2018.03.08 00:24:25 (*)   No license required to generate encrypted Nios II/e.
Info: cpu: # 2018.03.08 00:24:25 (*)   Elaborating CPU configuration settings
Info: cpu: # 2018.03.08 00:24:25 (*)   Creating all objects for CPU
Info: cpu: # 2018.03.08 00:24:26 (*)   Generating RTL from CPU objects
Info: cpu: # 2018.03.08 00:24:26 (*)   Creating plain-text RTL
Info: cpu: # 2018.03.08 00:24:27 (*) Done Nios II generation
Info: cpu: Done RTL generation for module 'nios_led_nios2_gen2_0_cpu'
Info: cpu: "nios2_gen2_0" instantiated altera_nios2_gen2_unit "cpu"
Info: nios2_gen2_0_data_master_translator: "mm_interconnect_0" instantiated altera_merlin_master_translator "nios2_gen2_0_data_master_translator"
Info: jtag_uart_0_avalon_jtag_slave_translator: "mm_interconnect_0" instantiated altera_merlin_slave_translator "jtag_uart_0_avalon_jtag_slave_translator"
Info: nios2_gen2_0_data_master_agent: "mm_interconnect_0" instantiated altera_merlin_master_agent "nios2_gen2_0_data_master_agent"
Info: jtag_uart_0_avalon_jtag_slave_agent: "mm_interconnect_0" instantiated altera_merlin_slave_agent "jtag_uart_0_avalon_jtag_slave_agent"
Info: jtag_uart_0_avalon_jtag_slave_agent_rsp_fifo: "mm_interconnect_0" instantiated altera_avalon_sc_fifo "jtag_uart_0_avalon_jtag_slave_agent_rsp_fifo"
Info: router: "mm_interconnect_0" instantiated altera_merlin_router "router"
Info: router_001: "mm_interconnect_0" instantiated altera_merlin_router "router_001"
Info: router_002: "mm_interconnect_0" instantiated altera_merlin_router "router_002"
Info: router_003: "mm_interconnect_0" instantiated altera_merlin_router "router_003"
Info: cmd_demux: "mm_interconnect_0" instantiated altera_merlin_demultiplexer "cmd_demux"
Info: cmd_demux_001: "mm_interconnect_0" instantiated altera_merlin_demultiplexer "cmd_demux_001"
Info: cmd_mux: "mm_interconnect_0" instantiated altera_merlin_multiplexer "cmd_mux"
Info: cmd_mux_001: "mm_interconnect_0" instantiated altera_merlin_multiplexer "cmd_mux_001"
Info: Reusing file C:/Users/paata/Documents/Nios_II_Projects/nios_led/nios_led/synthesis/submodules/altera_merlin_arbitrator.sv
Info: rsp_demux: "mm_interconnect_0" instantiated altera_merlin_demultiplexer "rsp_demux"
Info: rsp_demux_001: "mm_interconnect_0" instantiated altera_merlin_demultiplexer "rsp_demux_001"
Info: rsp_mux: "mm_interconnect_0" instantiated altera_merlin_multiplexer "rsp_mux"
Info: Reusing file C:/Users/paata/Documents/Nios_II_Projects/nios_led/nios_led/synthesis/submodules/altera_merlin_arbitrator.sv
Info: rsp_mux_001: "mm_interconnect_0" instantiated altera_merlin_multiplexer "rsp_mux_001"
Info: Reusing file C:/Users/paata/Documents/Nios_II_Projects/nios_led/nios_led/synthesis/submodules/altera_merlin_arbitrator.sv
Info: avalon_st_adapter: "mm_interconnect_0" instantiated altera_avalon_st_adapter "avalon_st_adapter"
Info: error_adapter_0: "avalon_st_adapter" instantiated error_adapter "error_adapter_0"
Info: nios_led: Done "nios_led" with 29 modules, 44 files
Info: qsys-generate succeeded.
Info: Finished: Create HDL design files for synthesis
