01:11:23 **** Incremental Build of configuration Nios II for project LED2 ****
make all 
Info: Building ../LED2_bsp/
D:/intelFPGA_lite/17.1/nios2eds/bin/gnu/H-x86_64-mingw32/bin/make --no-print-directory -C ../LED2_bsp/
[BSP build complete]
[LED2 build complete]
01:11:36 **** Incremental Build of configuration Nios II for project LED2 ****
make all 
Info: Building ../LED2_bsp/
D:/intelFPGA_lite/17.1/nios2eds/bin/gnu/H-x86_64-mingw32/bin/make --no-print-directory -C ../LED2_bsp/
[BSP build complete]
[LED2 build complete]
01:11:46 **** Incremental Build of configuration Nios II for project LED2 ****
make all 
Info: Building ../LED2_bsp/
D:/intelFPGA_lite/17.1/nios2eds/bin/gnu/H-x86_64-mingw32/bin/make --no-print-directory -C ../LED2_bsp/
[BSP build complete]
Info: Compiling hello_world_small.c to obj/default/hello_world_small.o
nios2-elf-gcc -xc -MP -MMD -c -I../LED2_bsp//HAL/inc -I../LED2_bsp/ -I../LED2_bsp//drivers/inc  -pipe -D__hal__ -DALT_NO_C_PLUS_PLUS -DALT_NO_CLEAN_EXIT -D'exit(a)=_exit(a)' -DALT_NO_EXIT -DALT_USE_DIRECT_DRIVERS -DALT_NO_INSTRUCTION_EMULATION -DALT_USE_SMALL_DRIVERS -DSMALL_C_LIB -DALT_SINGLE_THREADED    -Os -g -Wall   -mno-hw-div -mno-hw-mul -mno-hw-mulx -mgpopt=global  -o obj/default/hello_world_small.o hello_world_small.c
Info: Linking LED2.elf
nios2-elf-g++  -T'../LED2_bsp//linker.x' -msys-crt0='../LED2_bsp//obj/HAL/src/crt0.o' -msys-lib=hal_bsp -L../LED2_bsp/  -msmallc  -Wl,-Map=LED2.map   -Os -g -Wall   -mno-hw-div -mno-hw-mul -mno-hw-mulx -mgpopt=global  -o LED2.elf obj/default/hello_world_small.o -lm -msys-lib=m
nios2-elf-insert LED2.elf --thread_model hal --cpu_name nios2_gen2_0 --qsys true --simulation_enabled false --id 0 --sidp 0x3028 --timestamp 1520454252 --stderr_dev jtag_uart_0 --stdin_dev jtag_uart_0 --stdout_dev jtag_uart_0 --sopc_system_name nios_led --quartus_project_dir "C:/Users/paata/Documents/Nios_II_Projects/nios_led" --jdi ../..//output_files/nios_led.jdi --sopcinfo C:/Users/paata/Documents/Nios_II_Projects/nios_led/software/LED2_bsp/../../nios_led.sopcinfo
Info: (LED2.elf) 624 Bytes program size (code + initialized data).
Info:            3468 Bytes free for stack + heap.
Info: Creating LED2.objdump
nios2-elf-objdump --disassemble --syms --all-header --source LED2.elf >LED2.objdump
[LED2 build complete]
01:12:14 **** Incremental Build of configuration Nios II for project LED2 ****
make all 
Info: Building ../LED2_bsp/
D:/intelFPGA_lite/17.1/nios2eds/bin/gnu/H-x86_64-mingw32/bin/make --no-print-directory -C ../LED2_bsp/
[BSP build complete]
Info: Compiling hello_world_small.c to obj/default/hello_world_small.o
nios2-elf-gcc -xc -MP -MMD -c -I../LED2_bsp//HAL/inc -I../LED2_bsp/ -I../LED2_bsp//drivers/inc  -pipe -D__hal__ -DALT_NO_C_PLUS_PLUS -DALT_NO_CLEAN_EXIT -D'exit(a)=_exit(a)' -DALT_NO_EXIT -DALT_USE_DIRECT_DRIVERS -DALT_NO_INSTRUCTION_EMULATION -DALT_USE_SMALL_DRIVERS -DSMALL_C_LIB -DALT_SINGLE_THREADED    -Os -g -Wall   -mno-hw-div -mno-hw-mul -mno-hw-mulx -mgpopt=global  -o obj/default/hello_world_small.o hello_world_small.c
Info: Linking LED2.elf
nios2-elf-g++  -T'../LED2_bsp//linker.x' -msys-crt0='../LED2_bsp//obj/HAL/src/crt0.o' -msys-lib=hal_bsp -L../LED2_bsp/  -msmallc  -Wl,-Map=LED2.map   -Os -g -Wall   -mno-hw-div -mno-hw-mul -mno-hw-mulx -mgpopt=global  -o LED2.elf obj/default/hello_world_small.o -lm -msys-lib=m
nios2-elf-insert LED2.elf --thread_model hal --cpu_name nios2_gen2_0 --qsys true --simulation_enabled false --id 0 --sidp 0x3028 --timestamp 1520454252 --stderr_dev jtag_uart_0 --stdin_dev jtag_uart_0 --stdout_dev jtag_uart_0 --sopc_system_name nios_led --quartus_project_dir "C:/Users/paata/Documents/Nios_II_Projects/nios_led" --jdi ../..//output_files/nios_led.jdi --sopcinfo C:/Users/paata/Documents/Nios_II_Projects/nios_led/software/LED2_bsp/../../nios_led.sopcinfo
Info: (LED2.elf) 624 Bytes program size (code + initialized data).
Info:            3468 Bytes free for stack + heap.
Info: Creating LED2.objdump
nios2-elf-objdump --disassemble --syms --all-header --source LED2.elf >LED2.objdump
[LED2 build complete]
01:12:42 **** Incremental Build of configuration Nios II for project LED2 ****
make all 
Info: Building ../LED2_bsp/
D:/intelFPGA_lite/17.1/nios2eds/bin/gnu/H-x86_64-mingw32/bin/make --no-print-directory -C ../LED2_bsp/
[BSP build complete]
Info: Compiling hello_world_small.c to obj/default/hello_world_small.o
nios2-elf-gcc -xc -MP -MMD -c -I../LED2_bsp//HAL/inc -I../LED2_bsp/ -I../LED2_bsp//drivers/inc  -pipe -D__hal__ -DALT_NO_C_PLUS_PLUS -DALT_NO_CLEAN_EXIT -D'exit(a)=_exit(a)' -DALT_NO_EXIT -DALT_USE_DIRECT_DRIVERS -DALT_NO_INSTRUCTION_EMULATION -DALT_USE_SMALL_DRIVERS -DSMALL_C_LIB -DALT_SINGLE_THREADED    -Os -g -Wall   -mno-hw-div -mno-hw-mul -mno-hw-mulx -mgpopt=global  -o obj/default/hello_world_small.o hello_world_small.c
Info: Linking LED2.elf
nios2-elf-g++  -T'../LED2_bsp//linker.x' -msys-crt0='../LED2_bsp//obj/HAL/src/crt0.o' -msys-lib=hal_bsp -L../LED2_bsp/  -msmallc  -Wl,-Map=LED2.map   -Os -g -Wall   -mno-hw-div -mno-hw-mul -mno-hw-mulx -mgpopt=global  -o LED2.elf obj/default/hello_world_small.o -lm -msys-lib=m
nios2-elf-insert LED2.elf --thread_model hal --cpu_name nios2_gen2_0 --qsys true --simulation_enabled false --id 0 --sidp 0x3028 --timestamp 1520454252 --stderr_dev jtag_uart_0 --stdin_dev jtag_uart_0 --stdout_dev jtag_uart_0 --sopc_system_name nios_led --quartus_project_dir "C:/Users/paata/Documents/Nios_II_Projects/nios_led" --jdi ../..//output_files/nios_led.jdi --sopcinfo C:/Users/paata/Documents/Nios_II_Projects/nios_led/software/LED2_bsp/../../nios_led.sopcinfo
Info: (LED2.elf) 624 Bytes program size (code + initialized data).
Info:            3468 Bytes free for stack + heap.
Info: Creating LED2.objdump
nios2-elf-objdump --disassemble --syms --all-header --source LED2.elf >LED2.objdump
[LED2 build complete]
